<?xml version="1.0" encoding="UTF-8"?>
<testsuite xmlns:xsi="http://www.w3.org/2001/XMLSchema-instance" xsi:noNamespaceSchemaLocation="https://maven.apache.org/surefire/maven-surefire-plugin/xsd/surefire-test-report-3.0.xsd" version="3.0" name="com.tiktokus.tiktokus.TiktokUsApplicationTests" time="8.626" tests="1" errors="0" skipped="0" failures="0">
  <properties>
[...]
</properties>
  <testcase name="contextLoads" classname="com.tiktokus.tiktokus.TiktokUsApplicationTests" time="0.404">
    <system-out><![CDATA[Standard Commons Logging discovery in action with spring-jcl: please remove commons-logging.jar from classpath in order to avoid potential conflicts
16:45:16.806 [main] INFO org.springframework.test.context.support.AnnotationConfigContextLoaderUtils -- Could not detect default configuration classes for test class [com.tiktokus.tiktokus.TiktokUsApplicationTests]: TiktokUsApplicationTests does not declare any static, non-private, non-final, nested classes annotated with @Configuration.
16:45:16.904 [main] INFO org.springframework.boot.test.context.SpringBootTestContextBootstrapper -- Found @SpringBootConfiguration com.tiktokus.tiktokus.TiktokUsApplication for test class com.tiktokus.tiktokus.TiktokUsApplicationTests
16:45:17.059 [main] INFO org.springframework.boot.devtools.restart.RestartApplicationListener -- Restart disabled due to context in which it is running

  .   ____          _            __ _ _
 /\\ / ___'_ __ _ _(_)_ __  __ _ \ \ \ \
( ( )\___ | '_ | '_| | '_ \/ _` | \ \ \ \
 \\/  ___)| |_)| | | | | || (_| |  ) ) ) )
  '  |____| .__|_| |_|_| |_\__, | / / / /
 =========|_|==============|___/=/_/_/_/

 :: Spring Boot ::                (v3.3.5)

2025-04-04T16:45:17.271+07:00  WARN 9268 --- [tiktokUs] [           main] ory$DuplicateJsonObjectContextCustomizer : 

Found multiple occurrences of org.json.JSONObject on the class path:

	jar:file:/C:/Users/admin/.m2/repository/org/json/json/20180813/json-20180813.jar!/org/json/JSONObject.class
	jar:file:/C:/Users/admin/.m2/repository/com/vaadin/external/google/android-json/0.0.20131108.vaadin1/android-json-0.0.20131108.vaadin1.jar!/org/json/JSONObject.class

You may wish to exclude one of them to ensure predictable runtime behavior

2025-04-04T16:45:17.289+07:00  INFO 9268 --- [tiktokUs] [           main] c.t.tiktokus.TiktokUsApplicationTests    : Starting TiktokUsApplicationTests using Java 17.0.14 with PID 9268 (started by admin in D:\petd working\tiktok\tiktokUs\tiktokUs)
2025-04-04T16:45:17.290+07:00  INFO 9268 --- [tiktokUs] [           main] c.t.tiktokus.TiktokUsApplicationTests    : No active profile set, falling back to 1 default profile: "default"
2025-04-04T16:45:18.039+07:00  INFO 9268 --- [tiktokUs] [           main] .s.d.r.c.RepositoryConfigurationDelegate : Bootstrapping Spring Data JPA repositories in DEFAULT mode.
2025-04-04T16:45:18.101+07:00  INFO 9268 --- [tiktokUs] [           main] .s.d.r.c.RepositoryConfigurationDelegate : Finished Spring Data repository scanning in 55 ms. Found 9 JPA repository interfaces.
2025-04-04T16:45:18.650+07:00  INFO 9268 --- [tiktokUs] [           main] o.hibernate.jpa.internal.util.LogHelper  : HHH000204: Processing PersistenceUnitInfo [name: default]
2025-04-04T16:45:18.732+07:00  INFO 9268 --- [tiktokUs] [           main] org.hibernate.Version                    : HHH000412: Hibernate ORM core version 6.5.3.Final
2025-04-04T16:45:18.774+07:00  INFO 9268 --- [tiktokUs] [           main] o.h.c.internal.RegionFactoryInitiator    : HHH000026: Second-level cache disabled
2025-04-04T16:45:19.161+07:00  INFO 9268 --- [tiktokUs] [           main] o.s.o.j.p.SpringPersistenceUnitInfo      : No LoadTimeWeaver setup: ignoring JPA class transformer
2025-04-04T16:45:19.199+07:00  INFO 9268 --- [tiktokUs] [           main] com.zaxxer.hikari.HikariDataSource       : HikariPool-1 - Starting...
2025-04-04T16:45:19.726+07:00  INFO 9268 --- [tiktokUs] [           main] com.zaxxer.hikari.pool.HikariPool        : HikariPool-1 - Added connection com.mysql.cj.jdbc.ConnectionImpl@718f3088
2025-04-04T16:45:19.729+07:00  INFO 9268 --- [tiktokUs] [           main] com.zaxxer.hikari.HikariDataSource       : HikariPool-1 - Start completed.
2025-04-04T16:45:19.825+07:00  WARN 9268 --- [tiktokUs] [           main] org.hibernate.orm.deprecation            : HHH90000025: MySQLDialect does not need to be specified explicitly using 'hibernate.dialect' (remove the property setting and it will be selected by default)
2025-04-04T16:45:20.911+07:00  INFO 9268 --- [tiktokUs] [           main] o.h.e.t.j.p.i.JtaPlatformInitiator       : HHH000489: No JTA platform available (set 'hibernate.transaction.jta.platform' to enable JTA platform integration)
2025-04-04T16:45:21.677+07:00  INFO 9268 --- [tiktokUs] [           main] j.LocalContainerEntityManagerFactoryBean : Initialized JPA EntityManagerFactory for persistence unit 'default'
2025-04-04T16:45:22.109+07:00  INFO 9268 --- [tiktokUs] [           main] eAuthenticationProviderManagerConfigurer : Global AuthenticationManager configured with AuthenticationProvider bean with name authenticationProvider
2025-04-04T16:45:22.110+07:00  WARN 9268 --- [tiktokUs] [           main] r$InitializeUserDetailsManagerConfigurer : Global AuthenticationManager configured with an AuthenticationProvider bean. UserDetailsService beans will not be used for username/password login. Consider removing the AuthenticationProvider bean. Alternatively, consider using the UserDetailsService in a manually instantiated DaoAuthenticationProvider.
2025-04-04T16:45:22.133+07:00  INFO 9268 --- [tiktokUs] [           main] o.s.d.j.r.query.QueryEnhancerFactory     : Hibernate is in classpath; If applicable, HQL parser will be used.
2025-04-04T16:45:24.079+07:00  WARN 9268 --- [tiktokUs] [           main] JpaBaseConfiguration$JpaWebConfiguration : spring.jpa.open-in-view is enabled by default. Therefore, database queries may be performed during view rendering. Explicitly configure spring.jpa.open-in-view to disable this warning
2025-04-04T16:45:24.822+07:00  INFO 9268 --- [tiktokUs] [           main] c.t.tiktokus.TiktokUsApplicationTests    : Started TiktokUsApplicationTests in 7.778 seconds (process running for 8.958)
]]></system-out>
  </testcase>
</testsuite>